<?xml version="1.0" encoding="UTF-8"?>
<!-- Generated by org.testng.reporters.JUnitReportReporter -->
<testsuite skipped="0" hostname="Biplobs-MBP" name="test.Wixs.A" tests="1" failures="0" timestamp="21 Oct 2019 22:14:46 GMT" time="2.223" errors="0">
  <testcase name="d" time="2.223" classname="test.Wixs.A"/>
</testsuite> <!-- test.Wixs.A -->
